2025-03-31  1:12:05 0 [Note] Starting MariaDB 10.4.32-MariaDB source revision c4143f909528e3fab0677a28631d10389354c491 as process 24132
2025-03-31  1:12:05 0 [Note] InnoDB: Mutexes and rw_locks use Windows interlocked functions
2025-03-31  1:12:05 0 [Note] InnoDB: Uses event mutexes
2025-03-31  1:12:05 0 [Note] InnoDB: Compressed tables use zlib 1.3
2025-03-31  1:12:05 0 [Note] InnoDB: Number of pools: 1
2025-03-31  1:12:05 0 [Note] InnoDB: Using SSE2 crc32 instructions
2025-03-31  1:12:05 0 [Note] InnoDB: Initializing buffer pool, total size = 16M, instances = 1, chunk size = 16M
2025-03-31  1:12:05 0 [Note] InnoDB: Completed initialization of buffer pool
2025-03-31  1:12:05 0 [Note] InnoDB: Starting crash recovery from checkpoint LSN=300288
2025-03-31  1:12:05 0 [Note] InnoDB: 128 out of 128 rollback segments are active.
2025-03-31  1:12:05 0 [Note] InnoDB: Removed temporary tablespace data file: "ibtmp1"
2025-03-31  1:12:05 0 [Note] InnoDB: Creating shared tablespace for temporary tables
2025-03-31  1:12:05 0 [Note] InnoDB: Setting file 'C:\xampp\mysql\data\ibtmp1' size to 12 MB. Physically writing the file full; Please wait ...
2025-03-31  1:12:05 0 [Note] InnoDB: File 'C:\xampp\mysql\data\ibtmp1' size is now 12 MB.
2025-03-31  1:12:05 0 [Note] InnoDB: Waiting for purge to start
2025-03-31  1:12:05 0 [Note] InnoDB: 10.4.32 started; log sequence number 300297; transaction id 170
2025-03-31  1:12:05 0 [Note] InnoDB: Loading buffer pool(s) from C:\xampp\mysql\data\ib_buffer_pool
2025-03-31  1:12:05 0 [Note] Plugin 'FEEDBACK' is disabled.
2025-03-31  1:12:05 0 [Note] InnoDB: Buffer pool(s) load completed at 250331  1:12:05
2025-03-31  1:12:05 0 [Note] Server socket created on IP: '::'.
2025-03-31  1:12:12 0 [Note] Starting MariaDB 10.4.32-MariaDB source revision c4143f909528e3fab0677a28631d10389354c491 as process 7616
2025-03-31  1:12:12 0 [Note] InnoDB: Mutexes and rw_locks use Windows interlocked functions
2025-03-31  1:12:12 0 [Note] InnoDB: Uses event mutexes
2025-03-31  1:12:12 0 [Note] InnoDB: Compressed tables use zlib 1.3
2025-03-31  1:12:12 0 [Note] InnoDB: Number of pools: 1
2025-03-31  1:12:12 0 [Note] InnoDB: Using SSE2 crc32 instructions
2025-03-31  1:12:12 0 [Note] InnoDB: Initializing buffer pool, total size = 16M, instances = 1, chunk size = 16M
2025-03-31  1:12:12 0 [Note] InnoDB: Completed initialization of buffer pool
2025-03-31  1:12:12 0 [Note] InnoDB: Starting crash recovery from checkpoint LSN=300288
2025-03-31  1:12:12 0 [Note] InnoDB: 128 out of 128 rollback segments are active.
2025-03-31  1:12:12 0 [Note] InnoDB: Removed temporary tablespace data file: "ibtmp1"
2025-03-31  1:12:12 0 [Note] InnoDB: Creating shared tablespace for temporary tables
2025-03-31  1:12:12 0 [Note] InnoDB: Setting file 'C:\xampp\mysql\data\ibtmp1' size to 12 MB. Physically writing the file full; Please wait ...
2025-03-31  1:12:12 0 [Note] InnoDB: File 'C:\xampp\mysql\data\ibtmp1' size is now 12 MB.
2025-03-31  1:12:12 0 [Note] InnoDB: Waiting for purge to start
2025-03-31  1:12:12 0 [Note] InnoDB: 10.4.32 started; log sequence number 300297; transaction id 170
2025-03-31  1:12:12 0 [Note] InnoDB: Loading buffer pool(s) from C:\xampp\mysql\data\ib_buffer_pool
2025-03-31  1:12:12 0 [Note] Plugin 'FEEDBACK' is disabled.
2025-03-31  1:12:12 0 [Note] Server socket created on IP: '::'.
2025-03-31  3:25:19 0 [Note] Starting MariaDB 10.4.32-MariaDB source revision c4143f909528e3fab0677a28631d10389354c491 as process 10752
2025-03-31  3:25:19 0 [Note] InnoDB: Mutexes and rw_locks use Windows interlocked functions
2025-03-31  3:25:19 0 [Note] InnoDB: Uses event mutexes
2025-03-31  3:25:19 0 [Note] InnoDB: Compressed tables use zlib 1.3
2025-03-31  3:25:19 0 [Note] InnoDB: Number of pools: 1
2025-03-31  3:25:19 0 [Note] InnoDB: Using SSE2 crc32 instructions
2025-03-31  3:25:19 0 [Note] InnoDB: Initializing buffer pool, total size = 16M, instances = 1, chunk size = 16M
2025-03-31  3:25:19 0 [Note] InnoDB: Completed initialization of buffer pool
2025-03-31  3:25:19 0 [Note] InnoDB: Starting crash recovery from checkpoint LSN=336254
2025-03-31  3:25:19 0 [Note] InnoDB: 128 out of 128 rollback segments are active.
2025-03-31  3:25:19 0 [Note] InnoDB: Removed temporary tablespace data file: "ibtmp1"
2025-03-31  3:25:19 0 [Note] InnoDB: Creating shared tablespace for temporary tables
2025-03-31  3:25:19 0 [Note] InnoDB: Setting file 'C:\xampp\mysql\data\ibtmp1' size to 12 MB. Physically writing the file full; Please wait ...
2025-03-31  3:25:19 0 [Note] InnoDB: File 'C:\xampp\mysql\data\ibtmp1' size is now 12 MB.
2025-03-31  3:25:19 0 [Note] InnoDB: Waiting for purge to start
2025-03-31  3:25:19 0 [Note] InnoDB: 10.4.32 started; log sequence number 336263; transaction id 260
2025-03-31  3:25:19 0 [Note] InnoDB: Loading buffer pool(s) from C:\xampp\mysql\data\ib_buffer_pool
2025-03-31  3:25:19 0 [Note] Plugin 'FEEDBACK' is disabled.
2025-03-31  3:25:19 0 [Note] InnoDB: Buffer pool(s) load completed at 250331  3:25:19
2025-03-31  3:25:19 0 [Note] Server socket created on IP: '::'.
2025-03-31  3:26:24 0 [Note] Starting MariaDB 10.4.32-MariaDB source revision c4143f909528e3fab0677a28631d10389354c491 as process 25604
2025-03-31  3:26:24 0 [Note] InnoDB: Mutexes and rw_locks use Windows interlocked functions
2025-03-31  3:26:24 0 [Note] InnoDB: Uses event mutexes
2025-03-31  3:26:24 0 [Note] InnoDB: Compressed tables use zlib 1.3
2025-03-31  3:26:24 0 [Note] InnoDB: Number of pools: 1
2025-03-31  3:26:24 0 [Note] InnoDB: Using SSE2 crc32 instructions
2025-03-31  3:26:24 0 [Note] InnoDB: Initializing buffer pool, total size = 16M, instances = 1, chunk size = 16M
2025-03-31  3:26:24 0 [Note] InnoDB: Completed initialization of buffer pool
2025-03-31  3:26:24 0 [Note] InnoDB: Starting crash recovery from checkpoint LSN=336254
2025-03-31  3:26:24 0 [Note] InnoDB: 128 out of 128 rollback segments are active.
2025-03-31  3:26:24 0 [Note] InnoDB: Removed temporary tablespace data file: "ibtmp1"
2025-03-31  3:26:24 0 [Note] InnoDB: Creating shared tablespace for temporary tables
2025-03-31  3:26:24 0 [Note] InnoDB: Setting file 'C:\xampp\mysql\data\ibtmp1' size to 12 MB. Physically writing the file full; Please wait ...
2025-03-31  3:26:24 0 [Note] InnoDB: File 'C:\xampp\mysql\data\ibtmp1' size is now 12 MB.
2025-03-31  3:26:24 0 [Note] InnoDB: Waiting for purge to start
2025-03-31  3:26:24 0 [Note] InnoDB: 10.4.32 started; log sequence number 336263; transaction id 260
2025-03-31  3:26:24 0 [Note] InnoDB: Loading buffer pool(s) from C:\xampp\mysql\data\ib_buffer_pool
2025-03-31  3:26:24 0 [Note] Plugin 'FEEDBACK' is disabled.
2025-03-31  3:26:24 0 [Note] Server socket created on IP: '::'.
2025-03-31  3:26:24 0 [Note] InnoDB: Buffer pool(s) load completed at 250331  3:26:24
2025-03-31 14:52:01 0 [Note] Starting MariaDB 10.4.32-MariaDB source revision c4143f909528e3fab0677a28631d10389354c491 as process 10216
2025-03-31 14:52:01 0 [Note] mysqld.exe: Aria engine: starting recovery
recovered pages: 0% 100% (0.0 seconds); 
2025-03-31 14:52:01 0 [Note] mysqld.exe: Aria engine: recovery done
2025-03-31 14:52:01 0 [Note] InnoDB: Mutexes and rw_locks use Windows interlocked functions
2025-03-31 14:52:01 0 [Note] InnoDB: Uses event mutexes
2025-03-31 14:52:01 0 [Note] InnoDB: Compressed tables use zlib 1.3
2025-03-31 14:52:01 0 [Note] InnoDB: Number of pools: 1
2025-03-31 14:52:01 0 [Note] InnoDB: Using SSE2 crc32 instructions
2025-03-31 14:52:01 0 [Note] InnoDB: Initializing buffer pool, total size = 16M, instances = 1, chunk size = 16M
2025-03-31 14:52:01 0 [Note] InnoDB: Completed initialization of buffer pool
2025-03-31 14:52:01 0 [Note] InnoDB: Starting crash recovery from checkpoint LSN=336589
2025-03-31 14:52:01 0 [Note] InnoDB: 128 out of 128 rollback segments are active.
2025-03-31 14:52:01 0 [Note] InnoDB: Removed temporary tablespace data file: "ibtmp1"
2025-03-31 14:52:01 0 [Note] InnoDB: Creating shared tablespace for temporary tables
2025-03-31 14:52:01 0 [Note] InnoDB: Setting file 'C:\xampp\mysql\data\ibtmp1' size to 12 MB. Physically writing the file full; Please wait ...
2025-03-31 14:52:01 0 [Note] InnoDB: File 'C:\xampp\mysql\data\ibtmp1' size is now 12 MB.
2025-03-31 14:52:01 0 [Note] InnoDB: Waiting for purge to start
2025-03-31 14:52:01 0 [Note] InnoDB: 10.4.32 started; log sequence number 336598; transaction id 283
2025-03-31 14:52:01 0 [Note] InnoDB: Loading buffer pool(s) from C:\xampp\mysql\data\ib_buffer_pool
2025-03-31 14:52:01 0 [Note] Plugin 'FEEDBACK' is disabled.
2025-03-31 14:52:01 0 [Note] InnoDB: Buffer pool(s) load completed at 250331 14:52:01
2025-03-31 14:52:01 0 [Note] Server socket created on IP: '::'.
2025-03-31 19:14:34 0 [Note] Starting MariaDB 10.4.32-MariaDB source revision c4143f909528e3fab0677a28631d10389354c491 as process 25888
2025-03-31 19:14:34 0 [Note] InnoDB: Mutexes and rw_locks use Windows interlocked functions
2025-03-31 19:14:34 0 [Note] InnoDB: Uses event mutexes
2025-03-31 19:14:34 0 [Note] InnoDB: Compressed tables use zlib 1.3
2025-03-31 19:14:34 0 [Note] InnoDB: Number of pools: 1
2025-03-31 19:14:34 0 [Note] InnoDB: Using SSE2 crc32 instructions
2025-03-31 19:14:34 0 [Note] InnoDB: Initializing buffer pool, total size = 16M, instances = 1, chunk size = 16M
2025-03-31 19:14:34 0 [Note] InnoDB: Completed initialization of buffer pool
2025-03-31 19:14:34 0 [Note] InnoDB: Starting crash recovery from checkpoint LSN=418553
2025-03-31 19:14:35 0 [Note] InnoDB: 128 out of 128 rollback segments are active.
2025-03-31 19:14:35 0 [Note] InnoDB: Removed temporary tablespace data file: "ibtmp1"
2025-03-31 19:14:35 0 [Note] InnoDB: Creating shared tablespace for temporary tables
2025-03-31 19:14:35 0 [Note] InnoDB: Setting file 'C:\xampp\mysql\data\ibtmp1' size to 12 MB. Physically writing the file full; Please wait ...
2025-03-31 19:14:35 0 [Note] InnoDB: File 'C:\xampp\mysql\data\ibtmp1' size is now 12 MB.
2025-03-31 19:14:35 0 [Note] InnoDB: Waiting for purge to start
2025-03-31 19:14:35 0 [Note] InnoDB: 10.4.32 started; log sequence number 418562; transaction id 421
2025-03-31 19:14:35 0 [Note] Plugin 'FEEDBACK' is disabled.
2025-03-31 19:14:35 0 [Note] InnoDB: Loading buffer pool(s) from C:\xampp\mysql\data\ib_buffer_pool
2025-03-31 19:14:35 0 [Note] Server socket created on IP: '::'.
2025-03-31 19:28:57 0 [Note] Starting MariaDB 10.4.32-MariaDB source revision c4143f909528e3fab0677a28631d10389354c491 as process 16464
2025-03-31 19:28:57 0 [Note] mysqld.exe: Aria engine: starting recovery
recovered pages: 0% 100% (0.0 seconds); 
2025-03-31 19:28:57 0 [Note] mysqld.exe: Aria engine: recovery done
2025-03-31 19:28:57 0 [Note] InnoDB: Mutexes and rw_locks use Windows interlocked functions
2025-03-31 19:28:57 0 [Note] InnoDB: Uses event mutexes
2025-03-31 19:28:57 0 [Note] InnoDB: Compressed tables use zlib 1.3
2025-03-31 19:28:57 0 [Note] InnoDB: Number of pools: 1
2025-03-31 19:28:57 0 [Note] InnoDB: Using SSE2 crc32 instructions
2025-03-31 19:28:57 0 [Note] InnoDB: Initializing buffer pool, total size = 16M, instances = 1, chunk size = 16M
2025-03-31 19:28:57 0 [Note] InnoDB: Completed initialization of buffer pool
2025-03-31 19:28:57 0 [Note] InnoDB: Starting crash recovery from checkpoint LSN=419989
2025-03-31 19:28:57 0 [Note] InnoDB: Starting final batch to recover 1 pages from redo log.
2025-03-31 19:28:58 0 [Note] InnoDB: 128 out of 128 rollback segments are active.
2025-03-31 19:28:58 0 [Note] InnoDB: Removed temporary tablespace data file: "ibtmp1"
2025-03-31 19:28:58 0 [Note] InnoDB: Creating shared tablespace for temporary tables
2025-03-31 19:28:58 0 [Note] InnoDB: Setting file 'C:\xampp\mysql\data\ibtmp1' size to 12 MB. Physically writing the file full; Please wait ...
2025-03-31 19:28:58 0 [Note] InnoDB: File 'C:\xampp\mysql\data\ibtmp1' size is now 12 MB.
2025-03-31 19:28:58 0 [Note] InnoDB: Waiting for purge to start
2025-03-31 19:28:58 0 [Note] InnoDB: 10.4.32 started; log sequence number 420371; transaction id 453
2025-03-31 19:28:58 0 [Note] InnoDB: Loading buffer pool(s) from C:\xampp\mysql\data\ib_buffer_pool
2025-03-31 19:28:58 0 [Note] Plugin 'FEEDBACK' is disabled.
2025-03-31 19:28:58 0 [Note] Server socket created on IP: '::'.
