[Mon Mar 31 01:04:32.857507 2025] [ssl:warn] [pid 14460:tid 480] AH01909: www.example.com:443:0 server certificate does NOT include an ID which matches the server name
[Mon Mar 31 01:04:32.908103 2025] [ssl:warn] [pid 14460:tid 480] AH01909: www.example.com:443:0 server certificate does NOT include an ID which matches the server name
[Mon Mar 31 01:04:32.956149 2025] [mpm_winnt:notice] [pid 14460:tid 480] AH00455: Apache/2.4.58 (Win64) OpenSSL/3.1.3 PHP/8.2.12 configured -- resuming normal operations
[Mon Mar 31 01:04:32.956149 2025] [mpm_winnt:notice] [pid 14460:tid 480] AH00456: Apache Lounge VS17 Server built: Oct 18 2023 13:03:18
[Mon Mar 31 01:04:32.956149 2025] [core:notice] [pid 14460:tid 480] AH00094: Command line: 'C:\\xampp\\apache\\bin\\httpd.exe -d C:/xampp/apache'
[Mon Mar 31 01:04:32.962550 2025] [mpm_winnt:notice] [pid 14460:tid 480] AH00418: Parent: Created child process 21884
[Mon Mar 31 01:04:33.436508 2025] [ssl:warn] [pid 21884:tid 464] AH01909: www.example.com:443:0 server certificate does NOT include an ID which matches the server name
[Mon Mar 31 01:04:33.502302 2025] [ssl:warn] [pid 21884:tid 464] AH01909: www.example.com:443:0 server certificate does NOT include an ID which matches the server name
[Mon Mar 31 01:04:33.540076 2025] [mpm_winnt:notice] [pid 21884:tid 464] AH00354: Child: Starting 150 worker threads.
[Mon Mar 31 01:12:03.717236 2025] [ssl:warn] [pid 3868:tid 504] AH01909: www.example.com:443:0 server certificate does NOT include an ID which matches the server name
[Mon Mar 31 01:12:03.762920 2025] [ssl:warn] [pid 3868:tid 504] AH01909: www.example.com:443:0 server certificate does NOT include an ID which matches the server name
[Mon Mar 31 01:12:03.798576 2025] [mpm_winnt:notice] [pid 3868:tid 504] AH00455: Apache/2.4.58 (Win64) OpenSSL/3.1.3 PHP/8.2.12 configured -- resuming normal operations
[Mon Mar 31 01:12:03.798576 2025] [mpm_winnt:notice] [pid 3868:tid 504] AH00456: Apache Lounge VS17 Server built: Oct 18 2023 13:03:18
[Mon Mar 31 01:12:03.798576 2025] [core:notice] [pid 3868:tid 504] AH00094: Command line: 'c:\\xampp\\apache\\bin\\httpd.exe -d C:/xampp/apache'
[Mon Mar 31 01:12:03.804449 2025] [mpm_winnt:notice] [pid 3868:tid 504] AH00418: Parent: Created child process 13052
[Mon Mar 31 01:12:04.242833 2025] [ssl:warn] [pid 13052:tid 480] AH01909: www.example.com:443:0 server certificate does NOT include an ID which matches the server name
[Mon Mar 31 01:12:04.285930 2025] [ssl:warn] [pid 13052:tid 480] AH01909: www.example.com:443:0 server certificate does NOT include an ID which matches the server name
[Mon Mar 31 01:12:04.321088 2025] [mpm_winnt:notice] [pid 13052:tid 480] AH00354: Child: Starting 150 worker threads.
[Mon Mar 31 02:27:29.480926 2025] [php:warn] [pid 13052:tid 1976] [client ::1:53579] PHP Warning:  include(db_connection.php): Failed to open stream: No such file or directory in C:\\xampp\\htdocs\\dreamworld_project\\login.php on line 48, referer: http://localhost/dreamworld_project/index.php
[Mon Mar 31 02:27:29.480926 2025] [php:warn] [pid 13052:tid 1976] [client ::1:53579] PHP Warning:  include(): Failed opening 'db_connection.php' for inclusion (include_path='C:\\xampp\\php\\PEAR') in C:\\xampp\\htdocs\\dreamworld_project\\login.php on line 48, referer: http://localhost/dreamworld_project/index.php
[Mon Mar 31 02:27:42.174459 2025] [php:error] [pid 13052:tid 1976] [client ::1:53588] script 'C:/xampp/htdocs/dreamworld_project/login_action.php' not found or unable to stat, referer: http://localhost/dreamworld_project/login.php
[Mon Mar 31 02:27:46.118828 2025] [php:warn] [pid 13052:tid 1976] [client ::1:53588] PHP Warning:  include(db_connection.php): Failed to open stream: No such file or directory in C:\\xampp\\htdocs\\dreamworld_project\\login.php on line 48, referer: http://localhost/dreamworld_project/index.php
[Mon Mar 31 02:27:46.118828 2025] [php:warn] [pid 13052:tid 1976] [client ::1:53588] PHP Warning:  include(): Failed opening 'db_connection.php' for inclusion (include_path='C:\\xampp\\php\\PEAR') in C:\\xampp\\htdocs\\dreamworld_project\\login.php on line 48, referer: http://localhost/dreamworld_project/index.php
[Mon Mar 31 02:31:13.935121 2025] [php:warn] [pid 13052:tid 1972] [client ::1:53779] PHP Warning:  include(db_connection.php): Failed to open stream: No such file or directory in C:\\xampp\\htdocs\\dreamworld_project\\login.php on line 48, referer: http://localhost/dreamworld_project/index.php
[Mon Mar 31 02:31:13.935121 2025] [php:warn] [pid 13052:tid 1972] [client ::1:53779] PHP Warning:  include(): Failed opening 'db_connection.php' for inclusion (include_path='C:\\xampp\\php\\PEAR') in C:\\xampp\\htdocs\\dreamworld_project\\login.php on line 48, referer: http://localhost/dreamworld_project/index.php
[Mon Mar 31 02:35:20.150058 2025] [php:warn] [pid 13052:tid 1976] [client ::1:53994] PHP Warning:  include(db_connection.php): Failed to open stream: No such file or directory in C:\\xampp\\htdocs\\dreamworld_project\\login.php on line 48, referer: http://localhost/dreamworld_project/register.php
[Mon Mar 31 02:35:20.151111 2025] [php:warn] [pid 13052:tid 1976] [client ::1:53994] PHP Warning:  include(): Failed opening 'db_connection.php' for inclusion (include_path='C:\\xampp\\php\\PEAR') in C:\\xampp\\htdocs\\dreamworld_project\\login.php on line 48, referer: http://localhost/dreamworld_project/register.php
[Mon Mar 31 02:36:52.305960 2025] [php:warn] [pid 13052:tid 1976] [client ::1:54049] PHP Warning:  include(db_connection.php): Failed to open stream: No such file or directory in C:\\xampp\\htdocs\\dreamworld_project\\login.php on line 3, referer: http://localhost/dreamworld_project/register.php
[Mon Mar 31 02:36:52.305960 2025] [php:warn] [pid 13052:tid 1976] [client ::1:54049] PHP Warning:  include(): Failed opening 'db_connection.php' for inclusion (include_path='C:\\xampp\\php\\PEAR') in C:\\xampp\\htdocs\\dreamworld_project\\login.php on line 3, referer: http://localhost/dreamworld_project/register.php
[Mon Mar 31 02:41:31.006799 2025] [php:error] [pid 13052:tid 1976] [client ::1:54213] script 'C:/xampp/htdocs/dreamworld_project/payment_action.php' not found or unable to stat, referer: http://localhost/dreamworld_project/payment.php
[Mon Mar 31 02:43:42.133171 2025] [php:warn] [pid 13052:tid 1980] [client ::1:54296] PHP Warning:  Undefined array key "password" in C:\\xampp\\htdocs\\dreamworld_project\\login.php on line 17, referer: http://localhost/dreamworld_project/login.php
[Mon Mar 31 02:43:45.734382 2025] [php:warn] [pid 13052:tid 1980] [client ::1:54296] PHP Warning:  Undefined array key "password" in C:\\xampp\\htdocs\\dreamworld_project\\login.php on line 17, referer: http://localhost/dreamworld_project/login.php
[Mon Mar 31 03:15:37.351126 2025] [php:error] [pid 13052:tid 1980] [client ::1:56301] PHP Fatal error:  Uncaught mysqli_sql_exception: Duplicate entry 'admin' for key 'username' in C:\\xampp\\htdocs\\dreamworld_project\\register.php:12\nStack trace:\n#0 C:\\xampp\\htdocs\\dreamworld_project\\register.php(12): mysqli_query(Object(mysqli), 'INSERT INTO use...')\n#1 {main}\n  thrown in C:\\xampp\\htdocs\\dreamworld_project\\register.php on line 12, referer: http://localhost/dreamworld_project/register.php
[Mon Mar 31 03:17:21.479889 2025] [php:error] [pid 13052:tid 1980] [client ::1:56387] PHP Fatal error:  Uncaught mysqli_sql_exception: Duplicate entry 'admin' for key 'username' in C:\\xampp\\htdocs\\dreamworld_project\\register.php:12\nStack trace:\n#0 C:\\xampp\\htdocs\\dreamworld_project\\register.php(12): mysqli_query(Object(mysqli), 'INSERT INTO use...')\n#1 {main}\n  thrown in C:\\xampp\\htdocs\\dreamworld_project\\register.php on line 12, referer: http://localhost/dreamworld_project/register.php
[Mon Mar 31 03:20:08.310660 2025] [php:error] [pid 13052:tid 1980] [client ::1:57374] PHP Fatal error:  Uncaught mysqli_sql_exception: Duplicate entry 'admin' for key 'username' in C:\\xampp\\htdocs\\dreamworld_project\\register.php:12\nStack trace:\n#0 C:\\xampp\\htdocs\\dreamworld_project\\register.php(12): mysqli_query(Object(mysqli), 'INSERT INTO use...')\n#1 {main}\n  thrown in C:\\xampp\\htdocs\\dreamworld_project\\register.php on line 12, referer: http://localhost/dreamworld_project/register.php
[Mon Mar 31 03:21:35.565420 2025] [php:warn] [pid 13052:tid 1980] [client ::1:55396] PHP Warning:  Undefined array key "password" in C:\\xampp\\htdocs\\dreamworld_project\\login.php on line 17, referer: http://localhost/dreamworld_project/login.php
[Mon Mar 31 03:25:20.143093 2025] [ssl:warn] [pid 16996:tid 504] AH01909: www.example.com:443:0 server certificate does NOT include an ID which matches the server name
[Mon Mar 31 03:25:20.188934 2025] [core:warn] [pid 16996:tid 504] AH00098: pid file C:/xampp/apache/logs/httpd.pid overwritten -- Unclean shutdown of previous Apache run?
[Mon Mar 31 03:25:20.191723 2025] [ssl:warn] [pid 16996:tid 504] AH01909: www.example.com:443:0 server certificate does NOT include an ID which matches the server name
[Mon Mar 31 03:25:20.233871 2025] [mpm_winnt:notice] [pid 16996:tid 504] AH00455: Apache/2.4.58 (Win64) OpenSSL/3.1.3 PHP/8.2.12 configured -- resuming normal operations
[Mon Mar 31 03:25:20.233871 2025] [mpm_winnt:notice] [pid 16996:tid 504] AH00456: Apache Lounge VS17 Server built: Oct 18 2023 13:03:18
[Mon Mar 31 03:25:20.233871 2025] [core:notice] [pid 16996:tid 504] AH00094: Command line: 'c:\\xampp\\apache\\bin\\httpd.exe -d C:/xampp/apache'
[Mon Mar 31 03:25:20.240836 2025] [mpm_winnt:notice] [pid 16996:tid 504] AH00418: Parent: Created child process 25868
[Mon Mar 31 03:25:20.651883 2025] [ssl:warn] [pid 25868:tid 496] AH01909: www.example.com:443:0 server certificate does NOT include an ID which matches the server name
[Mon Mar 31 03:25:20.691050 2025] [ssl:warn] [pid 25868:tid 496] AH01909: www.example.com:443:0 server certificate does NOT include an ID which matches the server name
[Mon Mar 31 03:25:20.726378 2025] [mpm_winnt:notice] [pid 25868:tid 496] AH00354: Child: Starting 150 worker threads.
[Mon Mar 31 03:25:48.434252 2025] [php:error] [pid 25868:tid 1956] [client ::1:55779] PHP Fatal error:  Uncaught mysqli_sql_exception: No connection could be made because the target machine actively refused it in C:\\xampp\\htdocs\\dreamworld_project\\db_connection.php:8\nStack trace:\n#0 C:\\xampp\\htdocs\\dreamworld_project\\db_connection.php(8): mysqli->__construct('localhost', 'root', Object(SensitiveParameterValue), 'dreamworld_db')\n#1 C:\\xampp\\htdocs\\dreamworld_project\\login.php(3): include('C:\\\\xampp\\\\htdocs...')\n#2 {main}\n  thrown in C:\\xampp\\htdocs\\dreamworld_project\\db_connection.php on line 8
[Mon Mar 31 03:27:12.519800 2025] [php:warn] [pid 25868:tid 1944] [client ::1:55885] PHP Warning:  Undefined array key "password" in C:\\xampp\\htdocs\\dreamworld_project\\login.php on line 17, referer: http://localhost/dreamworld_project/login.php
[Mon Mar 31 03:40:52.937184 2025] [core:error] [pid 25868:tid 1944] (20024)The given path is misformatted or contained invalid characters: [client ::1:57592] AH00127: Cannot map POST /plugin%3Awindow%7Cclose HTTP/1.1 to file, referer: http://tauri.localhost/
[Mon Mar 31 03:41:22.915612 2025] [core:error] [pid 25868:tid 1944] (20024)The given path is misformatted or contained invalid characters: [client ::1:57673] AH00127: Cannot map POST /plugin%3Awindow%7Cclose HTTP/1.1 to file, referer: http://tauri.localhost/
[Mon Mar 31 14:52:02.436265 2025] [ssl:warn] [pid 8260:tid 456] AH01909: www.example.com:443:0 server certificate does NOT include an ID which matches the server name
[Mon Mar 31 14:52:02.490140 2025] [core:warn] [pid 8260:tid 456] AH00098: pid file C:/xampp/apache/logs/httpd.pid overwritten -- Unclean shutdown of previous Apache run?
[Mon Mar 31 14:52:02.492141 2025] [ssl:warn] [pid 8260:tid 456] AH01909: www.example.com:443:0 server certificate does NOT include an ID which matches the server name
[Mon Mar 31 14:52:02.638894 2025] [mpm_winnt:notice] [pid 8260:tid 456] AH00455: Apache/2.4.58 (Win64) OpenSSL/3.1.3 PHP/8.2.12 configured -- resuming normal operations
[Mon Mar 31 14:52:02.638894 2025] [mpm_winnt:notice] [pid 8260:tid 456] AH00456: Apache Lounge VS17 Server built: Oct 18 2023 13:03:18
[Mon Mar 31 14:52:02.638894 2025] [core:notice] [pid 8260:tid 456] AH00094: Command line: 'c:\\xampp\\apache\\bin\\httpd.exe -d C:/xampp/apache'
[Mon Mar 31 14:52:02.643261 2025] [mpm_winnt:notice] [pid 8260:tid 456] AH00418: Parent: Created child process 20832
[Mon Mar 31 14:52:02.949388 2025] [ssl:warn] [pid 20832:tid 456] AH01909: www.example.com:443:0 server certificate does NOT include an ID which matches the server name
[Mon Mar 31 14:52:02.990886 2025] [ssl:warn] [pid 20832:tid 456] AH01909: www.example.com:443:0 server certificate does NOT include an ID which matches the server name
[Mon Mar 31 14:52:03.027502 2025] [mpm_winnt:notice] [pid 20832:tid 456] AH00354: Child: Starting 150 worker threads.
[Mon Mar 31 14:52:27.554141 2025] [php:warn] [pid 20832:tid 1928] [client ::1:57318] PHP Warning:  Undefined array key "password" in C:\\xampp\\htdocs\\dreamworld_project\\login.php on line 17, referer: http://localhost/dreamworld_project/login.php
[Mon Mar 31 14:53:57.268784 2025] [php:warn] [pid 20832:tid 1928] [client ::1:57368] PHP Warning:  Undefined array key "password" in C:\\xampp\\htdocs\\dreamworld_project\\login.php on line 17, referer: http://localhost/dreamworld_project/login.php
[Mon Mar 31 15:01:40.766059 2025] [php:warn] [pid 20832:tid 1904] [client ::1:57557] PHP Warning:  Undefined array key "password" in C:\\xampp\\htdocs\\dreamworld_project\\login.php on line 17, referer: http://localhost/dreamworld_project/login.php
[Mon Mar 31 15:02:34.102615 2025] [php:warn] [pid 20832:tid 1904] [client ::1:57563] PHP Warning:  Undefined array key "password" in C:\\xampp\\htdocs\\dreamworld_project\\login.php on line 17, referer: http://localhost/dreamworld_project/login.php
[Mon Mar 31 15:04:04.632549 2025] [php:warn] [pid 20832:tid 1904] [client ::1:57601] PHP Warning:  Undefined array key "password" in C:\\xampp\\htdocs\\dreamworld_project\\login.php on line 17, referer: http://localhost/dreamworld_project/login.php
[Mon Mar 31 15:05:43.125765 2025] [php:warn] [pid 20832:tid 1904] [client ::1:57657] PHP Warning:  Undefined array key "password" in C:\\xampp\\htdocs\\dreamworld_project\\login.php on line 17, referer: http://localhost/dreamworld_project/login.php
[Mon Mar 31 15:06:59.763942 2025] [php:error] [pid 20832:tid 1904] [client ::1:57701] PHP Parse error:  syntax error, unexpected token "}" in C:\\xampp\\htdocs\\dreamworld_project\\login.php on line 25, referer: http://localhost/dreamworld_project/login.php
[Mon Mar 31 15:08:00.382925 2025] [php:warn] [pid 20832:tid 1904] [client ::1:57741] PHP Warning:  Undefined array key "password" in C:\\xampp\\htdocs\\dreamworld_project\\login.php on line 17, referer: http://localhost/dreamworld_project/login.php
[Mon Mar 31 15:09:04.805348 2025] [php:warn] [pid 20832:tid 1904] [client ::1:57751] PHP Warning:  Undefined array key "password" in C:\\xampp\\htdocs\\dreamworld_project\\login.php on line 17, referer: http://localhost/dreamworld_project/login.php
[Mon Mar 31 15:12:57.959005 2025] [php:warn] [pid 20832:tid 1904] [client ::1:57789] PHP Warning:  Undefined array key "password" in C:\\xampp\\htdocs\\dreamworld_project\\login.php on line 17, referer: http://localhost/dreamworld_project/login.php
[Mon Mar 31 15:13:07.104796 2025] [php:warn] [pid 20832:tid 1904] [client ::1:57791] PHP Warning:  Undefined array key "password" in C:\\xampp\\htdocs\\dreamworld_project\\login.php on line 17, referer: http://localhost/dreamworld_project/login.php
[Mon Mar 31 15:42:25.515738 2025] [php:error] [pid 20832:tid 1912] [client ::1:58316] PHP Parse error:  syntax error, unexpected token "exit" in C:\\xampp\\htdocs\\dreamworld_project\\index.php on line 4, referer: http://localhost/dreamworld_project/login.php
[Mon Mar 31 15:50:26.215710 2025] [php:warn] [pid 20832:tid 1904] [client ::1:58495] PHP Warning:  Undefined variable $user in C:\\xampp\\htdocs\\dreamworld_project\\index.php on line 34
[Mon Mar 31 15:58:33.229244 2025] [php:warn] [pid 20832:tid 1904] [client ::1:58555] PHP Warning:  Undefined array key "username" in C:\\xampp\\htdocs\\dreamworld_project\\index.php on line 5, referer: http://localhost/dreamworld_project/
[Mon Mar 31 16:10:52.362149 2025] [php:error] [pid 20832:tid 1904] [client ::1:58670] script 'C:/xampp/htdocs/dreamworld_project/payment_action.php' not found or unable to stat, referer: http://localhost/dreamworld_project/payment.php
[Mon Mar 31 18:07:27.751225 2025] [php:error] [pid 20832:tid 1904] [client ::1:59674] PHP Fatal error:  Uncaught mysqli_sql_exception: Table 'dreamworld_db.user_account' doesn't exist in C:\\xampp\\htdocs\\dreamworld_project\\login.php:11\nStack trace:\n#0 C:\\xampp\\htdocs\\dreamworld_project\\login.php(11): mysqli_query(Object(mysqli), 'SELECT * FROM U...')\n#1 {main}\n  thrown in C:\\xampp\\htdocs\\dreamworld_project\\login.php on line 11, referer: http://localhost/dreamworld_project/login.php
[Mon Mar 31 18:07:58.204791 2025] [php:error] [pid 20832:tid 1904] [client ::1:59688] PHP Fatal error:  Uncaught mysqli_sql_exception: Table 'dreamworld_db.user_account' doesn't exist in C:\\xampp\\htdocs\\dreamworld_project\\login.php:11\nStack trace:\n#0 C:\\xampp\\htdocs\\dreamworld_project\\login.php(11): mysqli_query(Object(mysqli), 'SELECT * FROM U...')\n#1 {main}\n  thrown in C:\\xampp\\htdocs\\dreamworld_project\\login.php on line 11, referer: http://localhost/dreamworld_project/login.php
[Mon Mar 31 18:20:43.737047 2025] [php:error] [pid 20832:tid 1888] [client ::1:59913] PHP Fatal error:  Uncaught mysqli_sql_exception: Table 'dreamworld_db.user_account' doesn't exist in C:\\xampp\\htdocs\\dreamworld_project\\login.php:11\nStack trace:\n#0 C:\\xampp\\htdocs\\dreamworld_project\\login.php(11): mysqli_query(Object(mysqli), 'SELECT * FROM U...')\n#1 {main}\n  thrown in C:\\xampp\\htdocs\\dreamworld_project\\login.php on line 11, referer: http://localhost/dreamworld_project/login.php
[Mon Mar 31 18:20:57.675816 2025] [php:error] [pid 20832:tid 1888] [client ::1:59919] PHP Fatal error:  Uncaught mysqli_sql_exception: Table 'dreamworld_db.user_account' doesn't exist in C:\\xampp\\htdocs\\dreamworld_project\\login.php:11\nStack trace:\n#0 C:\\xampp\\htdocs\\dreamworld_project\\login.php(11): mysqli_query(Object(mysqli), 'SELECT * FROM U...')\n#1 {main}\n  thrown in C:\\xampp\\htdocs\\dreamworld_project\\login.php on line 11, referer: http://localhost/dreamworld_project/login.php
[Mon Mar 31 18:21:03.121114 2025] [php:error] [pid 20832:tid 1888] [client ::1:59919] PHP Fatal error:  Uncaught mysqli_sql_exception: Table 'dreamworld_db.user_account' doesn't exist in C:\\xampp\\htdocs\\dreamworld_project\\login.php:11\nStack trace:\n#0 C:\\xampp\\htdocs\\dreamworld_project\\login.php(11): mysqli_query(Object(mysqli), 'SELECT * FROM U...')\n#1 {main}\n  thrown in C:\\xampp\\htdocs\\dreamworld_project\\login.php on line 11, referer: http://localhost/dreamworld_project/login.php
[Mon Mar 31 18:23:22.715743 2025] [php:error] [pid 20832:tid 1888] [client ::1:59953] PHP Fatal error:  Uncaught mysqli_sql_exception: Table 'dreamworld_db.user_account' doesn't exist in C:\\xampp\\htdocs\\dreamworld_project\\login.php:11\nStack trace:\n#0 C:\\xampp\\htdocs\\dreamworld_project\\login.php(11): mysqli_query(Object(mysqli), 'SELECT * FROM U...')\n#1 {main}\n  thrown in C:\\xampp\\htdocs\\dreamworld_project\\login.php on line 11, referer: http://localhost/dreamworld_project/login.php
[Mon Mar 31 18:50:39.809059 2025] [php:error] [pid 20832:tid 1864] [client ::1:60386] script 'C:/xampp/htdocs/dreamworld_project/events.php' not found or unable to stat, referer: http://localhost/dreamworld_project/index.php
[Mon Mar 31 18:53:07.609019 2025] [php:error] [pid 20832:tid 1864] [client ::1:60420] script 'C:/xampp/htdocs/dreamworld_project/events.php' not found or unable to stat, referer: http://localhost/dreamworld_project/index.php
[Mon Mar 31 19:14:34.616734 2025] [ssl:warn] [pid 19820:tid 452] AH01909: www.example.com:443:0 server certificate does NOT include an ID which matches the server name
[Mon Mar 31 19:14:34.655794 2025] [core:warn] [pid 19820:tid 452] AH00098: pid file C:/xampp/apache/logs/httpd.pid overwritten -- Unclean shutdown of previous Apache run?
[Mon Mar 31 19:14:34.658049 2025] [ssl:warn] [pid 19820:tid 452] AH01909: www.example.com:443:0 server certificate does NOT include an ID which matches the server name
[Mon Mar 31 19:14:34.704854 2025] [mpm_winnt:notice] [pid 19820:tid 452] AH00455: Apache/2.4.58 (Win64) OpenSSL/3.1.3 PHP/8.2.12 configured -- resuming normal operations
[Mon Mar 31 19:14:34.704854 2025] [mpm_winnt:notice] [pid 19820:tid 452] AH00456: Apache Lounge VS17 Server built: Oct 18 2023 13:03:18
[Mon Mar 31 19:14:34.704854 2025] [core:notice] [pid 19820:tid 452] AH00094: Command line: 'c:\\xampp\\apache\\bin\\httpd.exe -d C:/xampp/apache'
[Mon Mar 31 19:14:34.710059 2025] [mpm_winnt:notice] [pid 19820:tid 452] AH00418: Parent: Created child process 25624
[Mon Mar 31 19:14:35.015026 2025] [ssl:warn] [pid 25624:tid 460] AH01909: www.example.com:443:0 server certificate does NOT include an ID which matches the server name
[Mon Mar 31 19:14:35.052590 2025] [ssl:warn] [pid 25624:tid 460] AH01909: www.example.com:443:0 server certificate does NOT include an ID which matches the server name
[Mon Mar 31 19:14:35.088467 2025] [mpm_winnt:notice] [pid 25624:tid 460] AH00354: Child: Starting 150 worker threads.
[Mon Mar 31 19:28:57.207843 2025] [ssl:warn] [pid 24696:tid 444] AH01909: www.example.com:443:0 server certificate does NOT include an ID which matches the server name
[Mon Mar 31 19:28:57.247280 2025] [core:warn] [pid 24696:tid 444] AH00098: pid file C:/xampp/apache/logs/httpd.pid overwritten -- Unclean shutdown of previous Apache run?
[Mon Mar 31 19:28:57.250287 2025] [ssl:warn] [pid 24696:tid 444] AH01909: www.example.com:443:0 server certificate does NOT include an ID which matches the server name
[Mon Mar 31 19:28:57.285508 2025] [mpm_winnt:notice] [pid 24696:tid 444] AH00455: Apache/2.4.58 (Win64) OpenSSL/3.1.3 PHP/8.2.12 configured -- resuming normal operations
[Mon Mar 31 19:28:57.285508 2025] [mpm_winnt:notice] [pid 24696:tid 444] AH00456: Apache Lounge VS17 Server built: Oct 18 2023 13:03:18
[Mon Mar 31 19:28:57.285508 2025] [core:notice] [pid 24696:tid 444] AH00094: Command line: 'c:\\xampp\\apache\\bin\\httpd.exe -d C:/xampp/apache'
[Mon Mar 31 19:28:57.289684 2025] [mpm_winnt:notice] [pid 24696:tid 444] AH00418: Parent: Created child process 17180
[Mon Mar 31 19:28:57.611545 2025] [ssl:warn] [pid 17180:tid 472] AH01909: www.example.com:443:0 server certificate does NOT include an ID which matches the server name
[Mon Mar 31 19:28:57.655026 2025] [ssl:warn] [pid 17180:tid 472] AH01909: www.example.com:443:0 server certificate does NOT include an ID which matches the server name
[Mon Mar 31 19:28:57.692068 2025] [mpm_winnt:notice] [pid 17180:tid 472] AH00354: Child: Starting 150 worker threads.
[Mon Mar 31 19:30:51.137370 2025] [php:error] [pid 17180:tid 1940] [client ::1:61113] script 'C:/xampp/htdocs/dreamworld_project/events.php' not found or unable to stat, referer: http://localhost/dreamworld_project/booking.php
